2024-02-18 17:53:34 - DEBUG - ☆☆☆☆☆☆☆☆☆☆☆☆☆☆☆☆☆☆☆☆【高德地图】第3个接口【name】解析开始☆☆☆☆☆☆☆☆☆☆☆☆☆☆☆☆☆☆☆☆
2024-02-18 17:53:34 - DEBUG - url：https://www.amap.com/service/weather
2024-02-18 17:53:34 - DEBUG - method：GET
2024-02-18 17:53:34 - DEBUG - params：{
"adcode":"110000"
}
2024-02-18 17:53:34 - DEBUG - files：
2024-02-18 17:53:34 - DEBUG - headers：
2024-02-18 17:53:34 - DEBUG - Starting new HTTPS connection (1): www.amap.com:443
2024-02-18 17:53:34 - DEBUG - https://www.amap.com:443 "GET /service/weather?adcode=110000 HTTP/1.1" 200 1173
2024-02-18 17:53:34 - DEBUG - <Response [200]>
2024-02-18 17:53:34 - DEBUG - 接口响应:{'status': '1', 'data': {'code': '1', 'timestamp': '1708250015.24', 'version': '2.0-3.0.4022.1450', 'result': 'true', 'message': 'Successful.', 'data': [{'report_time': '2024-02-18 17:30:00', 'live': {'weather_name': '阴', 'weather_code': '02', 'temperature': '7'}, 'forecast_date': '2024-02-18', 'weekday': 6, 'forecast_data': [{'wind_direction_code': '8', 'wind_power_code': '2', 'max_temp': '8', 'weather_code': '07', 'min_temp': '4', 'weather_name': '小雨', 'wind_power_desc': '4-5', 'daynight': 0, 'wind_direction_desc': '北风'}, {'wind_direction_code': '8', 'wind_power_code': '2', 'max_temp': '8', 'weather_code': '07', 'min_temp': '4', 'weather_name': '小雨', 'wind_power_desc': '4-5', 'daynight': 1, 'wind_direction_desc': '北风'}]}, {'report_time': '2024-02-18 17:30:00', 'forecast_date': '2024-02-19', 'weekday': 0, 'forecast_data': [{'wind_direction_code': '8', 'wind_power_code': '2', 'max_temp': '6', 'weather_code': '01', 'min_temp': '-4', 'weather_name': '多云', 'wind_power_desc': '4-5', 'daynight': 0, 'wind_direction_desc': '北风'}, {'wind_direction_code': '8', 'wind_power_code': '2', 'max_temp': '6', 'weather_code': '01', 'min_temp': '-4', 'weather_name': '多云', 'wind_power_desc': '4-5', 'daynight': 1, 'wind_direction_desc': '北风'}]}]}}
2024-02-18 17:53:34 - DEBUG - 响应头：{'Date': 'Sun, 18 Feb 2024 09:53:35 GMT', 'Content-Type': 'application/json; charset=utf-8', 'Content-Length': '1173', 'Connection': 'keep-alive', 'Vary': 'Accept-Encoding, Accept-Encoding, Accept-Encoding', 'Server': 'Tengine', 'X-Powered-By': 'Express', 'ETag': 'W/"495-b7rQfPTo7RreInSCN9OjDCZvxaU"', 'gsid': '033103020210170825001522500054163726869', 'EagleEye-TraceId': '212bd20817082500152241009e1a8b', 'Strict-Transport-Security': 'max-age=31536000', 'Timing-Allow-Origin': '*'}
2024-02-18 17:53:35 - DEBUG - ☆☆☆☆☆☆☆☆☆☆☆☆☆☆☆☆☆☆☆☆【高德地图】第3个接口【name】解析结束☆☆☆☆☆☆☆☆☆☆☆☆☆☆☆☆☆☆☆☆
2024-02-18 17:53:36 - DEBUG - ☆☆☆☆☆☆☆☆☆☆☆☆☆☆☆☆☆☆☆☆【高德地图】第3个接口【天气】请求开始☆☆☆☆☆☆☆☆☆☆☆☆☆☆☆☆☆☆☆☆
2024-02-18 17:53:36 - DEBUG - url：https://www.amap.com/service/weather
2024-02-18 17:53:36 - DEBUG - method：GET
2024-02-18 17:53:36 - DEBUG - params：{
"adcode":"110000"
}
2024-02-18 17:53:36 - DEBUG - files：
2024-02-18 17:53:36 - DEBUG - headers：
2024-02-18 17:53:36 - DEBUG - https://www.amap.com:443 "GET /service/weather?adcode=110000 HTTP/1.1" 200 1172
2024-02-18 17:53:36 - DEBUG - <Response [200]>
2024-02-18 17:53:36 - DEBUG - 接口响应:{'status': '1', 'data': {'code': '1', 'timestamp': '1708250016.6', 'version': '2.0-3.0.4022.1450', 'result': 'true', 'message': 'Successful.', 'data': [{'report_time': '2024-02-18 17:30:00', 'live': {'weather_name': '阴', 'weather_code': '02', 'temperature': '7'}, 'forecast_date': '2024-02-18', 'weekday': 6, 'forecast_data': [{'wind_direction_code': '8', 'wind_power_code': '2', 'max_temp': '8', 'weather_code': '07', 'min_temp': '4', 'weather_name': '小雨', 'wind_power_desc': '4-5', 'daynight': 0, 'wind_direction_desc': '北风'}, {'wind_direction_code': '8', 'wind_power_code': '2', 'max_temp': '8', 'weather_code': '07', 'min_temp': '4', 'weather_name': '小雨', 'wind_power_desc': '4-5', 'daynight': 1, 'wind_direction_desc': '北风'}]}, {'report_time': '2024-02-18 17:30:00', 'forecast_date': '2024-02-19', 'weekday': 0, 'forecast_data': [{'wind_direction_code': '8', 'wind_power_code': '2', 'max_temp': '6', 'weather_code': '01', 'min_temp': '-4', 'weather_name': '多云', 'wind_power_desc': '4-5', 'daynight': 0, 'wind_direction_desc': '北风'}, {'wind_direction_code': '8', 'wind_power_code': '2', 'max_temp': '6', 'weather_code': '01', 'min_temp': '-4', 'weather_name': '多云', 'wind_power_desc': '4-5', 'daynight': 1, 'wind_direction_desc': '北风'}]}]}}
2024-02-18 17:53:36 - DEBUG - 响应头：{'Date': 'Sun, 18 Feb 2024 09:53:36 GMT', 'Content-Type': 'application/json; charset=utf-8', 'Content-Length': '1172', 'Connection': 'keep-alive', 'Vary': 'Accept-Encoding, Accept-Encoding, Accept-Encoding', 'Server': 'Tengine', 'X-Powered-By': 'Express', 'ETag': 'W/"494-x3SVAkjbAY5VrUe7fqfhdVjwYwk"', 'gsid': '033060242016170825001658300039770829746', 'EagleEye-TraceId': '212bd20817082500165811055e1a8b', 'Strict-Transport-Security': 'max-age=31536000', 'Timing-Allow-Origin': '*'}
2024-02-18 17:53:36 - DEBUG - 校验字段：['true', 'Successful.', '多云', '', '']
2024-02-18 17:53:36 - DEBUG - 预期结果：['true', 'Successful.', '雷阵雨', '', '']
2024-02-18 17:53:36 - DEBUG - ☆☆☆☆☆☆☆☆☆☆☆☆☆☆☆☆☆☆☆☆【高德地图】第3个接口【天气】请求结束☆☆☆☆☆☆☆☆☆☆☆☆☆☆☆☆☆☆☆☆
2024-02-18 17:53:48 - DEBUG - ☆☆☆☆☆☆☆☆☆☆☆☆☆☆☆☆☆☆☆☆【高德地图】第3个接口【天气】请求开始☆☆☆☆☆☆☆☆☆☆☆☆☆☆☆☆☆☆☆☆
2024-02-18 17:53:48 - DEBUG - url：https://www.amap.com/service/weather
2024-02-18 17:53:48 - DEBUG - method：GET
2024-02-18 17:53:48 - DEBUG - params：{
"adcode":"110000"
}
2024-02-18 17:53:48 - DEBUG - files：
2024-02-18 17:53:48 - DEBUG - headers：
2024-02-18 17:53:48 - DEBUG - https://www.amap.com:443 "GET /service/weather?adcode=110000 HTTP/1.1" 200 1173
2024-02-18 17:53:48 - DEBUG - <Response [200]>
2024-02-18 17:53:48 - DEBUG - 接口响应:{'status': '1', 'data': {'code': '1', 'timestamp': '1708250028.98', 'version': '2.0-3.0.4022.1450', 'result': 'true', 'message': 'Successful.', 'data': [{'report_time': '2024-02-18 17:30:00', 'live': {'weather_name': '阴', 'weather_code': '02', 'temperature': '7'}, 'forecast_date': '2024-02-18', 'weekday': 6, 'forecast_data': [{'wind_direction_code': '8', 'wind_power_code': '2', 'max_temp': '8', 'weather_code': '07', 'min_temp': '4', 'weather_name': '小雨', 'wind_power_desc': '4-5', 'daynight': 0, 'wind_direction_desc': '北风'}, {'wind_direction_code': '8', 'wind_power_code': '2', 'max_temp': '8', 'weather_code': '07', 'min_temp': '4', 'weather_name': '小雨', 'wind_power_desc': '4-5', 'daynight': 1, 'wind_direction_desc': '北风'}]}, {'report_time': '2024-02-18 17:30:00', 'forecast_date': '2024-02-19', 'weekday': 0, 'forecast_data': [{'wind_direction_code': '8', 'wind_power_code': '2', 'max_temp': '6', 'weather_code': '01', 'min_temp': '-4', 'weather_name': '多云', 'wind_power_desc': '4-5', 'daynight': 0, 'wind_direction_desc': '北风'}, {'wind_direction_code': '8', 'wind_power_code': '2', 'max_temp': '6', 'weather_code': '01', 'min_temp': '-4', 'weather_name': '多云', 'wind_power_desc': '4-5', 'daynight': 1, 'wind_direction_desc': '北风'}]}]}}
2024-02-18 17:53:48 - DEBUG - 响应头：{'Date': 'Sun, 18 Feb 2024 09:53:48 GMT', 'Content-Type': 'application/json; charset=utf-8', 'Content-Length': '1173', 'Connection': 'keep-alive', 'Vary': 'Accept-Encoding, Accept-Encoding, Accept-Encoding', 'Server': 'Tengine', 'X-Powered-By': 'Express', 'ETag': 'W/"495-0Szp7O8DsYbmQl5SvW35KYVJCDg"', 'gsid': '033060192105170825002896700039460561743', 'EagleEye-TraceId': '212bd20817082500289611405e1a8b', 'Strict-Transport-Security': 'max-age=31536000', 'Timing-Allow-Origin': '*'}
2024-02-18 17:53:48 - DEBUG - 校验字段：['true', 'Successful.', '多云', '', '']
2024-02-18 17:53:48 - DEBUG - 预期结果：['true', 'Successful.', '雷阵雨', '', '']
2024-02-18 17:53:48 - DEBUG - ☆☆☆☆☆☆☆☆☆☆☆☆☆☆☆☆☆☆☆☆【高德地图】第3个接口【天气】请求结束☆☆☆☆☆☆☆☆☆☆☆☆☆☆☆☆☆☆☆☆
2024-02-18 17:53:48 - DEBUG - ☆☆☆☆☆☆☆☆☆☆☆☆☆☆☆☆☆☆☆☆【高德地图】第4个接口【版本】请求开始☆☆☆☆☆☆☆☆☆☆☆☆☆☆☆☆☆☆☆☆
